{"E:\\My_semester_7\\Web\\Lab7\\Test\\Cursor\\mystore\\src\\services\\Api.ts": {"path":"E:\\My_semester_7\\Web\\Lab7\\Test\\Cursor\\mystore\\src\\services\\Api.ts","statementMap":{"0":{"start":{"line":1,"column":0},"end":{"line":1,"column":26}},"1":{"start":{"line":3,"column":13},"end":{"line":6,"column":3}}},"fnMap":{},"branchMap":{},"s":{"0":6,"1":6},"f":{},"b":{}}
,"E:\\My_semester_7\\Web\\Lab7\\Test\\Cursor\\mystore\\src\\services\\CartServices.ts": {"path":"E:\\My_semester_7\\Web\\Lab7\\Test\\Cursor\\mystore\\src\\services\\CartServices.ts","statementMap":{"0":{"start":{"line":1,"column":0},"end":{"line":1,"column":49}},"1":{"start":{"line":2,"column":0},"end":{"line":2,"column":28}},"2":{"start":{"line":6,"column":8},"end":{"line":6,"column":76}},"3":{"start":{"line":9,"column":8},"end":{"line":12,"column":54}},"4":{"start":{"line":16,"column":8},"end":{"line":16,"column":92}},"5":{"start":{"line":19,"column":8},"end":{"line":19,"column":86}},"6":{"start":{"line":23,"column":8},"end":{"line":23,"column":79}},"7":{"start":{"line":4,"column":0},"end":{"line":4,"column":13}}},"fnMap":{"0":{"name":"(anonymous_7)","decl":{"start":{"line":5,"column":11},"end":{"line":5,"column":17}},"loc":{"start":{"line":5,"column":30},"end":{"line":7,"column":null}}},"1":{"name":"(anonymous_9)","decl":{"start":{"line":8,"column":11},"end":{"line":8,"column":17}},"loc":{"start":{"line":8,"column":46},"end":{"line":13,"column":null}}},"2":{"name":"(anonymous_11)","decl":{"start":{"line":15,"column":11},"end":{"line":15,"column":17}},"loc":{"start":{"line":15,"column":60},"end":{"line":17,"column":null}}},"3":{"name":"(anonymous_13)","decl":{"start":{"line":18,"column":11},"end":{"line":18,"column":17}},"loc":{"start":{"line":18,"column":46},"end":{"line":20,"column":null}}},"4":{"name":"(anonymous_15)","decl":{"start":{"line":22,"column":11},"end":{"line":22,"column":17}},"loc":{"start":{"line":22,"column":33},"end":{"line":24,"column":null}}}},"branchMap":{},"s":{"0":1,"1":1,"2":2,"3":1,"4":1,"5":1,"6":2,"7":1},"f":{"0":2,"1":1,"2":1,"3":1,"4":2},"b":{}}
,"E:\\My_semester_7\\Web\\Lab7\\Test\\Cursor\\mystore\\src\\services\\ItemCartServices.ts": {"path":"E:\\My_semester_7\\Web\\Lab7\\Test\\Cursor\\mystore\\src\\services\\ItemCartServices.ts","statementMap":{"0":{"start":{"line":1,"column":0},"end":{"line":1,"column":49}},"1":{"start":{"line":2,"column":0},"end":{"line":2,"column":28}},"2":{"start":{"line":6,"column":8},"end":{"line":6,"column":66}},"3":{"start":{"line":10,"column":8},"end":{"line":10,"column":86}},"4":{"start":{"line":14,"column":8},"end":{"line":14,"column":87}},"5":{"start":{"line":18,"column":8},"end":{"line":18,"column":92}},"6":{"start":{"line":22,"column":8},"end":{"line":22,"column":89}},"7":{"start":{"line":4,"column":0},"end":{"line":4,"column":13}}},"fnMap":{"0":{"name":"(anonymous_7)","decl":{"start":{"line":5,"column":11},"end":{"line":5,"column":17}},"loc":{"start":{"line":5,"column":46},"end":{"line":7,"column":null}}},"1":{"name":"(anonymous_9)","decl":{"start":{"line":9,"column":11},"end":{"line":9,"column":17}},"loc":{"start":{"line":9,"column":46},"end":{"line":11,"column":null}}},"2":{"name":"(anonymous_11)","decl":{"start":{"line":13,"column":11},"end":{"line":13,"column":17}},"loc":{"start":{"line":13,"column":41},"end":{"line":15,"column":null}}},"3":{"name":"(anonymous_13)","decl":{"start":{"line":17,"column":11},"end":{"line":17,"column":17}},"loc":{"start":{"line":17,"column":56},"end":{"line":19,"column":null}}},"4":{"name":"(anonymous_15)","decl":{"start":{"line":21,"column":11},"end":{"line":21,"column":17}},"loc":{"start":{"line":21,"column":45},"end":{"line":23,"column":null}}}},"branchMap":{},"s":{"0":1,"1":1,"2":2,"3":1,"4":1,"5":1,"6":2,"7":1},"f":{"0":2,"1":1,"2":1,"3":1,"4":2},"b":{}}
,"E:\\My_semester_7\\Web\\Lab7\\Test\\Cursor\\mystore\\src\\services\\ItemOrderServices.ts": {"path":"E:\\My_semester_7\\Web\\Lab7\\Test\\Cursor\\mystore\\src\\services\\ItemOrderServices.ts","statementMap":{"0":{"start":{"line":1,"column":0},"end":{"line":1,"column":49}},"1":{"start":{"line":2,"column":0},"end":{"line":2,"column":28}},"2":{"start":{"line":6,"column":8},"end":{"line":6,"column":70}},"3":{"start":{"line":10,"column":8},"end":{"line":10,"column":91}},"4":{"start":{"line":14,"column":8},"end":{"line":14,"column":88}},"5":{"start":{"line":18,"column":8},"end":{"line":18,"column":97}},"6":{"start":{"line":22,"column":8},"end":{"line":22,"column":94}},"7":{"start":{"line":4,"column":0},"end":{"line":4,"column":13}}},"fnMap":{"0":{"name":"(anonymous_7)","decl":{"start":{"line":5,"column":11},"end":{"line":5,"column":17}},"loc":{"start":{"line":5,"column":48},"end":{"line":7,"column":null}}},"1":{"name":"(anonymous_9)","decl":{"start":{"line":9,"column":11},"end":{"line":9,"column":17}},"loc":{"start":{"line":9,"column":46},"end":{"line":11,"column":null}}},"2":{"name":"(anonymous_11)","decl":{"start":{"line":13,"column":11},"end":{"line":13,"column":17}},"loc":{"start":{"line":13,"column":40},"end":{"line":15,"column":null}}},"3":{"name":"(anonymous_13)","decl":{"start":{"line":17,"column":11},"end":{"line":17,"column":17}},"loc":{"start":{"line":17,"column":56},"end":{"line":19,"column":null}}},"4":{"name":"(anonymous_15)","decl":{"start":{"line":21,"column":11},"end":{"line":21,"column":17}},"loc":{"start":{"line":21,"column":45},"end":{"line":23,"column":null}}}},"branchMap":{},"s":{"0":1,"1":1,"2":2,"3":1,"4":1,"5":1,"6":2,"7":1},"f":{"0":2,"1":1,"2":1,"3":1,"4":2},"b":{}}
,"E:\\My_semester_7\\Web\\Lab7\\Test\\Cursor\\mystore\\src\\services\\OrderServices.ts": {"path":"E:\\My_semester_7\\Web\\Lab7\\Test\\Cursor\\mystore\\src\\services\\OrderServices.ts","statementMap":{"0":{"start":{"line":1,"column":0},"end":{"line":1,"column":49}},"1":{"start":{"line":2,"column":0},"end":{"line":2,"column":28}},"2":{"start":{"line":6,"column":8},"end":{"line":6,"column":64}},"3":{"start":{"line":10,"column":8},"end":{"line":10,"column":83}},"4":{"start":{"line":14,"column":8},"end":{"line":14,"column":85}},"5":{"start":{"line":18,"column":8},"end":{"line":18,"column":90}},"6":{"start":{"line":22,"column":8},"end":{"line":22,"column":86}},"7":{"start":{"line":4,"column":0},"end":{"line":4,"column":13}}},"fnMap":{"0":{"name":"(anonymous_7)","decl":{"start":{"line":5,"column":11},"end":{"line":5,"column":17}},"loc":{"start":{"line":5,"column":47},"end":{"line":7,"column":null}}},"1":{"name":"(anonymous_9)","decl":{"start":{"line":9,"column":11},"end":{"line":9,"column":17}},"loc":{"start":{"line":9,"column":42},"end":{"line":11,"column":null}}},"2":{"name":"(anonymous_11)","decl":{"start":{"line":13,"column":11},"end":{"line":13,"column":17}},"loc":{"start":{"line":13,"column":41},"end":{"line":15,"column":null}}},"3":{"name":"(anonymous_13)","decl":{"start":{"line":17,"column":11},"end":{"line":17,"column":17}},"loc":{"start":{"line":17,"column":53},"end":{"line":19,"column":null}}},"4":{"name":"(anonymous_15)","decl":{"start":{"line":21,"column":11},"end":{"line":21,"column":17}},"loc":{"start":{"line":21,"column":41},"end":{"line":23,"column":null}}}},"branchMap":{},"s":{"0":1,"1":1,"2":2,"3":1,"4":1,"5":1,"6":2,"7":1},"f":{"0":2,"1":1,"2":1,"3":1,"4":2},"b":{}}
,"E:\\My_semester_7\\Web\\Lab7\\Test\\Cursor\\mystore\\src\\services\\ProductServices.ts": {"path":"E:\\My_semester_7\\Web\\Lab7\\Test\\Cursor\\mystore\\src\\services\\ProductServices.ts","statementMap":{"0":{"start":{"line":3,"column":0},"end":{"line":3,"column":49}},"1":{"start":{"line":4,"column":0},"end":{"line":4,"column":28}},"2":{"start":{"line":8,"column":8},"end":{"line":8,"column":70}},"3":{"start":{"line":12,"column":8},"end":{"line":12,"column":42}},"4":{"start":{"line":16,"column":8},"end":{"line":16,"column":89}},"5":{"start":{"line":20,"column":8},"end":{"line":20,"column":94}},"6":{"start":{"line":24,"column":8},"end":{"line":24,"column":88}},"7":{"start":{"line":6,"column":0},"end":{"line":6,"column":13}}},"fnMap":{"0":{"name":"(anonymous_7)","decl":{"start":{"line":7,"column":11},"end":{"line":7,"column":17}},"loc":{"start":{"line":7,"column":49},"end":{"line":9,"column":null}}},"1":{"name":"(anonymous_9)","decl":{"start":{"line":11,"column":11},"end":{"line":11,"column":17}},"loc":{"start":{"line":11,"column":42},"end":{"line":13,"column":null}}},"2":{"name":"(anonymous_11)","decl":{"start":{"line":15,"column":11},"end":{"line":15,"column":17}},"loc":{"start":{"line":15,"column":50},"end":{"line":17,"column":null}}},"3":{"name":"(anonymous_13)","decl":{"start":{"line":19,"column":11},"end":{"line":19,"column":17}},"loc":{"start":{"line":19,"column":59},"end":{"line":21,"column":null}}},"4":{"name":"(anonymous_15)","decl":{"start":{"line":23,"column":11},"end":{"line":23,"column":17}},"loc":{"start":{"line":23,"column":41},"end":{"line":25,"column":null}}}},"branchMap":{},"s":{"0":1,"1":1,"2":2,"3":1,"4":1,"5":1,"6":2,"7":1},"f":{"0":2,"1":1,"2":1,"3":1,"4":2},"b":{}}
,"E:\\My_semester_7\\Web\\Lab7\\Test\\Cursor\\mystore\\src\\services\\UserServices.ts": {"path":"E:\\My_semester_7\\Web\\Lab7\\Test\\Cursor\\mystore\\src\\services\\UserServices.ts","statementMap":{"0":{"start":{"line":3,"column":0},"end":{"line":3,"column":65}},"1":{"start":{"line":4,"column":0},"end":{"line":4,"column":28}},"2":{"start":{"line":5,"column":0},"end":{"line":5,"column":57}},"3":{"start":{"line":9,"column":20},"end":{"line":9,"column":72}},"4":{"start":{"line":11,"column":8},"end":{"line":11,"column":26}},"5":{"start":{"line":12,"column":8},"end":{"line":12,"column":19}},"6":{"start":{"line":16,"column":8},"end":{"line":16,"column":56}},"7":{"start":{"line":20,"column":8},"end":{"line":20,"column":91}},"8":{"start":{"line":24,"column":8},"end":{"line":24,"column":39}},"9":{"start":{"line":28,"column":8},"end":{"line":28,"column":95}},"10":{"start":{"line":31,"column":8},"end":{"line":31,"column":94}},"11":{"start":{"line":34,"column":8},"end":{"line":34,"column":85}},"12":{"start":{"line":38,"column":8},"end":{"line":38,"column":25}},"13":{"start":{"line":39,"column":8},"end":{"line":39,"column":21}},"14":{"start":{"line":7,"column":0},"end":{"line":7,"column":13}}},"fnMap":{"0":{"name":"(anonymous_7)","decl":{"start":{"line":8,"column":11},"end":{"line":8,"column":17}},"loc":{"start":{"line":8,"column":53},"end":{"line":13,"column":null}}},"1":{"name":"(anonymous_9)","decl":{"start":{"line":15,"column":11},"end":{"line":15,"column":17}},"loc":{"start":{"line":15,"column":50},"end":{"line":17,"column":5}}},"2":{"name":"(anonymous_10)","decl":{"start":{"line":19,"column":11},"end":{"line":19,"column":17}},"loc":{"start":{"line":19,"column":73},"end":{"line":21,"column":5}}},"3":{"name":"(anonymous_11)","decl":{"start":{"line":23,"column":11},"end":{"line":23,"column":17}},"loc":{"start":{"line":23,"column":36},"end":{"line":25,"column":5}}},"4":{"name":"(anonymous_12)","decl":{"start":{"line":27,"column":11},"end":{"line":27,"column":17}},"loc":{"start":{"line":27,"column":57},"end":{"line":29,"column":5}}},"5":{"name":"(anonymous_13)","decl":{"start":{"line":30,"column":11},"end":{"line":30,"column":17}},"loc":{"start":{"line":30,"column":59},"end":{"line":32,"column":5}}},"6":{"name":"(anonymous_14)","decl":{"start":{"line":33,"column":11},"end":{"line":33,"column":17}},"loc":{"start":{"line":33,"column":35},"end":{"line":35,"column":5}}},"7":{"name":"(anonymous_15)","decl":{"start":{"line":37,"column":11},"end":{"line":37,"column":17}},"loc":{"start":{"line":37,"column":24},"end":{"line":40,"column":5}}}},"branchMap":{},"s":{"0":1,"1":1,"2":1,"3":2,"4":1,"5":1,"6":1,"7":2,"8":1,"9":2,"10":1,"11":2,"12":1,"13":1,"14":1},"f":{"0":2,"1":1,"2":2,"3":1,"4":2,"5":1,"6":2,"7":1},"b":{}}
,"E:\\My_semester_7\\Web\\Lab7\\Test\\Cursor\\mystore\\src\\utils\\UserUtils.ts": {"path":"E:\\My_semester_7\\Web\\Lab7\\Test\\Cursor\\mystore\\src\\utils\\UserUtils.ts","statementMap":{"0":{"start":{"line":8,"column":30},"end":{"line":10,"column":1}},"1":{"start":{"line":9,"column":4},"end":{"line":9,"column":37}},"2":{"start":{"line":8,"column":13},"end":{"line":8,"column":30}},"3":{"start":{"line":12,"column":27},"end":{"line":14,"column":1}},"4":{"start":{"line":13,"column":4},"end":{"line":13,"column":53}},"5":{"start":{"line":12,"column":13},"end":{"line":12,"column":27}},"6":{"start":{"line":16,"column":23},"end":{"line":20,"column":1}},"7":{"start":{"line":17,"column":14},"end":{"line":17,"column":42}},"8":{"start":{"line":18,"column":33},"end":{"line":18,"column":65}},"9":{"start":{"line":19,"column":4},"end":{"line":19,"column":16}},"10":{"start":{"line":16,"column":13},"end":{"line":16,"column":23}},"11":{"start":{"line":22,"column":26},"end":{"line":24,"column":1}},"12":{"start":{"line":23,"column":4},"end":{"line":23,"column":36}},"13":{"start":{"line":22,"column":13},"end":{"line":22,"column":26}},"14":{"start":{"line":26,"column":23},"end":{"line":28,"column":1}},"15":{"start":{"line":27,"column":4},"end":{"line":27,"column":55}},"16":{"start":{"line":26,"column":13},"end":{"line":26,"column":23}}},"fnMap":{"0":{"name":"(anonymous_0)","decl":{"start":{"line":8,"column":30},"end":{"line":8,"column":33}},"loc":{"start":{"line":8,"column":35},"end":{"line":10,"column":1}}},"1":{"name":"(anonymous_1)","decl":{"start":{"line":12,"column":27},"end":{"line":12,"column":30}},"loc":{"start":{"line":12,"column":32},"end":{"line":14,"column":1}}},"2":{"name":"(anonymous_2)","decl":{"start":{"line":16,"column":23},"end":{"line":16,"column":44}},"loc":{"start":{"line":16,"column":46},"end":{"line":20,"column":1}}},"3":{"name":"(anonymous_3)","decl":{"start":{"line":22,"column":26},"end":{"line":22,"column":29}},"loc":{"start":{"line":22,"column":31},"end":{"line":24,"column":1}}},"4":{"name":"(anonymous_4)","decl":{"start":{"line":26,"column":23},"end":{"line":26,"column":24}},"loc":{"start":{"line":26,"column":38},"end":{"line":28,"column":1}}}},"branchMap":{"0":{"loc":{"start":{"line":18,"column":33},"end":{"line":18,"column":65}},"type":"cond-expr","locations":[{"start":{"line":18,"column":38},"end":{"line":18,"column":53}},{"start":{"line":18,"column":56},"end":{"line":18,"column":65}}]}},"s":{"0":6,"1":1,"2":6,"3":6,"4":31,"5":6,"6":6,"7":0,"8":0,"9":0,"10":6,"11":6,"12":1,"13":6,"14":6,"15":1,"16":6},"f":{"0":1,"1":31,"2":0,"3":1,"4":1},"b":{"0":[0,0]}}
}
